package configuration for openssl
cflags: 
ldflags: 
libs: -lssl -lcrypto -lz

have_library: checking for main() in -lcrypto... -------------------- yes

"/usr/local/Cellar/gcc@4.9/4.9.4/bin/gcc-4.9 -o conftest -I/Users/Ambermaria/.rvm/rubies/ruby-1.9.3-p551/include/ruby-1.9.1/x86_64-darwin16.6.0 -I/Users/Ambermaria/.rvm/rubies/ruby-1.9.3-p551/include/ruby-1.9.1/ruby/backward -I/Users/Ambermaria/.rvm/rubies/ruby-1.9.3-p551/include/ruby-1.9.1 -I. -I/usr/local/opt/libyaml/include -I/usr/local/opt/readline/include -I/usr/local/opt/libksba/include -I/usr/local/opt/openssl/include  -O3 -ggdb -Wall -Wextra -Wno-unused-parameter -Wno-parentheses -Wno-long-long -Wno-missing-field-initializers -Wpointer-arith -Wwrite-strings -Wdeclaration-after-statement -Wimplicit-function-declaration  -fno-common -pipe  conftest.c  -L. -L/Users/Ambermaria/.rvm/rubies/ruby-1.9.3-p551/lib -L/usr/local/opt/libyaml/lib -L/usr/local/opt/readline/lib -L/usr/local/opt/libksba/lib -L/usr/local/opt/openssl/lib -L. -L/usr/local/lib -L/usr/local/opt/libyaml/lib -L/usr/local/opt/readline/lib -L/usr/local/opt/libksba/lib -L/usr/local/opt/openssl/lib       -lssl -lcrypto -lz -lruby.1.9.1  -lpthread -ldl -lobjc "
checked program was:
/* begin */
1: #include "ruby.h"
2: 
3: int main(int argc, char **argv)
4: {
5:   return 0;
6: }
/* end */

"/usr/local/Cellar/gcc@4.9/4.9.4/bin/gcc-4.9 -o conftest -I/Users/Ambermaria/.rvm/rubies/ruby-1.9.3-p551/include/ruby-1.9.1/x86_64-darwin16.6.0 -I/Users/Ambermaria/.rvm/rubies/ruby-1.9.3-p551/include/ruby-1.9.1/ruby/backward -I/Users/Ambermaria/.rvm/rubies/ruby-1.9.3-p551/include/ruby-1.9.1 -I. -I/usr/local/opt/libyaml/include -I/usr/local/opt/readline/include -I/usr/local/opt/libksba/include -I/usr/local/opt/openssl/include  -O3 -ggdb -Wall -Wextra -Wno-unused-parameter -Wno-parentheses -Wno-long-long -Wno-missing-field-initializers -Wpointer-arith -Wwrite-strings -Wdeclaration-after-statement -Wimplicit-function-declaration  -fno-common -pipe  conftest.c  -L. -L/Users/Ambermaria/.rvm/rubies/ruby-1.9.3-p551/lib -L/usr/local/opt/libyaml/lib -L/usr/local/opt/readline/lib -L/usr/local/opt/libksba/lib -L/usr/local/opt/openssl/lib -L. -L/usr/local/lib -L/usr/local/opt/libyaml/lib -L/usr/local/opt/readline/lib -L/usr/local/opt/libksba/lib -L/usr/local/opt/openssl/lib       -lssl -lcrypto -lz -lruby.1.9.1  -lssl -lcrypto -lz -lcrypto -lpthread -ldl -lobjc "
conftest.c: In function 't':
conftest.c:4:53: error: 'main' undeclared (first use in this function)
 int t() { void ((*volatile p)()); p = (void ((*)()))main; return 0; }
                                                     ^
conftest.c:4:53: note: each undeclared identifier is reported only once for each function it appears in
conftest.c:4:28: warning: variable 'p' set but not used [-Wunused-but-set-variable]
 int t() { void ((*volatile p)()); p = (void ((*)()))main; return 0; }
                            ^
checked program was:
/* begin */
 1: #include "ruby.h"
 2: 
 3: /*top*/
 4: int t() { void ((*volatile p)()); p = (void ((*)()))main; return 0; }
 5: int main(int argc, char **argv)
 6: {
 7:   if (argc > 1000000) {
 8:     printf("%p", &t);
 9:   }
10: 
11:   return 0;
12: }
/* end */

"/usr/local/Cellar/gcc@4.9/4.9.4/bin/gcc-4.9 -o conftest -I/Users/Ambermaria/.rvm/rubies/ruby-1.9.3-p551/include/ruby-1.9.1/x86_64-darwin16.6.0 -I/Users/Ambermaria/.rvm/rubies/ruby-1.9.3-p551/include/ruby-1.9.1/ruby/backward -I/Users/Ambermaria/.rvm/rubies/ruby-1.9.3-p551/include/ruby-1.9.1 -I. -I/usr/local/opt/libyaml/include -I/usr/local/opt/readline/include -I/usr/local/opt/libksba/include -I/usr/local/opt/openssl/include  -O3 -ggdb -Wall -Wextra -Wno-unused-parameter -Wno-parentheses -Wno-long-long -Wno-missing-field-initializers -Wpointer-arith -Wwrite-strings -Wdeclaration-after-statement -Wimplicit-function-declaration  -fno-common -pipe  conftest.c  -L. -L/Users/Ambermaria/.rvm/rubies/ruby-1.9.3-p551/lib -L/usr/local/opt/libyaml/lib -L/usr/local/opt/readline/lib -L/usr/local/opt/libksba/lib -L/usr/local/opt/openssl/lib -L. -L/usr/local/lib -L/usr/local/opt/libyaml/lib -L/usr/local/opt/readline/lib -L/usr/local/opt/libksba/lib -L/usr/local/opt/openssl/lib       -lssl -lcrypto -lz -lruby.1.9.1  -lssl -lcrypto -lz -lcrypto -lpthread -ldl -lobjc "
conftest.c: In function 't':
conftest.c:4:1: warning: implicit declaration of function 'main' [-Wimplicit-function-declaration]
 int t() { main(); return 0; }
 ^
checked program was:
/* begin */
 1: #include "ruby.h"
 2: 
 3: /*top*/
 4: int t() { main(); return 0; }
 5: int main(int argc, char **argv)
 6: {
 7:   if (argc > 1000000) {
 8:     printf("%p", &t);
 9:   }
10: 
11:   return 0;
12: }
/* end */

--------------------

have_library: checking for main() in -lssl... -------------------- yes

"/usr/local/Cellar/gcc@4.9/4.9.4/bin/gcc-4.9 -o conftest -I/Users/Ambermaria/.rvm/rubies/ruby-1.9.3-p551/include/ruby-1.9.1/x86_64-darwin16.6.0 -I/Users/Ambermaria/.rvm/rubies/ruby-1.9.3-p551/include/ruby-1.9.1/ruby/backward -I/Users/Ambermaria/.rvm/rubies/ruby-1.9.3-p551/include/ruby-1.9.1 -I. -I/usr/local/opt/libyaml/include -I/usr/local/opt/readline/include -I/usr/local/opt/libksba/include -I/usr/local/opt/openssl/include  -O3 -ggdb -Wall -Wextra -Wno-unused-parameter -Wno-parentheses -Wno-long-long -Wno-missing-field-initializers -Wpointer-arith -Wwrite-strings -Wdeclaration-after-statement -Wimplicit-function-declaration  -fno-common -pipe  conftest.c  -L. -L/Users/Ambermaria/.rvm/rubies/ruby-1.9.3-p551/lib -L/usr/local/opt/libyaml/lib -L/usr/local/opt/readline/lib -L/usr/local/opt/libksba/lib -L/usr/local/opt/openssl/lib -L. -L/usr/local/lib -L/usr/local/opt/libyaml/lib -L/usr/local/opt/readline/lib -L/usr/local/opt/libksba/lib -L/usr/local/opt/openssl/lib       -lssl -lcrypto -lz -lcrypto -lruby.1.9.1  -lssl -lcrypto -lz -lcrypto -lssl -lpthread -ldl -lobjc "
conftest.c: In function 't':
conftest.c:4:53: error: 'main' undeclared (first use in this function)
 int t() { void ((*volatile p)()); p = (void ((*)()))main; return 0; }
                                                     ^
conftest.c:4:53: note: each undeclared identifier is reported only once for each function it appears in
conftest.c:4:28: warning: variable 'p' set but not used [-Wunused-but-set-variable]
 int t() { void ((*volatile p)()); p = (void ((*)()))main; return 0; }
                            ^
checked program was:
/* begin */
 1: #include "ruby.h"
 2: 
 3: /*top*/
 4: int t() { void ((*volatile p)()); p = (void ((*)()))main; return 0; }
 5: int main(int argc, char **argv)
 6: {
 7:   if (argc > 1000000) {
 8:     printf("%p", &t);
 9:   }
10: 
11:   return 0;
12: }
/* end */

"/usr/local/Cellar/gcc@4.9/4.9.4/bin/gcc-4.9 -o conftest -I/Users/Ambermaria/.rvm/rubies/ruby-1.9.3-p551/include/ruby-1.9.1/x86_64-darwin16.6.0 -I/Users/Ambermaria/.rvm/rubies/ruby-1.9.3-p551/include/ruby-1.9.1/ruby/backward -I/Users/Ambermaria/.rvm/rubies/ruby-1.9.3-p551/include/ruby-1.9.1 -I. -I/usr/local/opt/libyaml/include -I/usr/local/opt/readline/include -I/usr/local/opt/libksba/include -I/usr/local/opt/openssl/include  -O3 -ggdb -Wall -Wextra -Wno-unused-parameter -Wno-parentheses -Wno-long-long -Wno-missing-field-initializers -Wpointer-arith -Wwrite-strings -Wdeclaration-after-statement -Wimplicit-function-declaration  -fno-common -pipe  conftest.c  -L. -L/Users/Ambermaria/.rvm/rubies/ruby-1.9.3-p551/lib -L/usr/local/opt/libyaml/lib -L/usr/local/opt/readline/lib -L/usr/local/opt/libksba/lib -L/usr/local/opt/openssl/lib -L. -L/usr/local/lib -L/usr/local/opt/libyaml/lib -L/usr/local/opt/readline/lib -L/usr/local/opt/libksba/lib -L/usr/local/opt/openssl/lib       -lssl -lcrypto -lz -lcrypto -lruby.1.9.1  -lssl -lcrypto -lz -lcrypto -lssl -lpthread -ldl -lobjc "
conftest.c: In function 't':
conftest.c:4:1: warning: implicit declaration of function 'main' [-Wimplicit-function-declaration]
 int t() { main(); return 0; }
 ^
checked program was:
/* begin */
 1: #include "ruby.h"
 2: 
 3: /*top*/
 4: int t() { main(); return 0; }
 5: int main(int argc, char **argv)
 6: {
 7:   if (argc > 1000000) {
 8:     printf("%p", &t);
 9:   }
10: 
11:   return 0;
12: }
/* end */

--------------------

have_header: checking for openssl/ssl.h... -------------------- yes

"/usr/local/Cellar/gcc@4.9/4.9.4/bin/gcc-4.9 -E -I/Users/Ambermaria/.rvm/rubies/ruby-1.9.3-p551/include/ruby-1.9.1/x86_64-darwin16.6.0 -I/Users/Ambermaria/.rvm/rubies/ruby-1.9.3-p551/include/ruby-1.9.1/ruby/backward -I/Users/Ambermaria/.rvm/rubies/ruby-1.9.3-p551/include/ruby-1.9.1 -I. -I/usr/local/opt/libyaml/include -I/usr/local/opt/readline/include -I/usr/local/opt/libksba/include -I/usr/local/opt/openssl/include  -O3 -ggdb -Wall -Wextra -Wno-unused-parameter -Wno-parentheses -Wno-long-long -Wno-missing-field-initializers -Wpointer-arith -Wwrite-strings -Wdeclaration-after-statement -Wimplicit-function-declaration  -fno-common -pipe   conftest.c -o conftest.i"
checked program was:
/* begin */
1: #include "ruby.h"
2: 
3: #include <openssl/ssl.h>
/* end */

--------------------

have_header: checking for openssl/err.h... -------------------- yes

"/usr/local/Cellar/gcc@4.9/4.9.4/bin/gcc-4.9 -E -I/Users/Ambermaria/.rvm/rubies/ruby-1.9.3-p551/include/ruby-1.9.1/x86_64-darwin16.6.0 -I/Users/Ambermaria/.rvm/rubies/ruby-1.9.3-p551/include/ruby-1.9.1/ruby/backward -I/Users/Ambermaria/.rvm/rubies/ruby-1.9.3-p551/include/ruby-1.9.1 -I. -I/usr/local/opt/libyaml/include -I/usr/local/opt/readline/include -I/usr/local/opt/libksba/include -I/usr/local/opt/openssl/include  -O3 -ggdb -Wall -Wextra -Wno-unused-parameter -Wno-parentheses -Wno-long-long -Wno-missing-field-initializers -Wpointer-arith -Wwrite-strings -Wdeclaration-after-statement -Wimplicit-function-declaration  -fno-common -pipe   conftest.c -o conftest.i"
checked program was:
/* begin */
1: #include "ruby.h"
2: 
3: #include <openssl/err.h>
/* end */

--------------------

have_var: checking for rb_trap_immediate in ruby.h,rubysig.h... -------------------- no

"/usr/local/Cellar/gcc@4.9/4.9.4/bin/gcc-4.9 -I/Users/Ambermaria/.rvm/rubies/ruby-1.9.3-p551/include/ruby-1.9.1/x86_64-darwin16.6.0 -I/Users/Ambermaria/.rvm/rubies/ruby-1.9.3-p551/include/ruby-1.9.1/ruby/backward -I/Users/Ambermaria/.rvm/rubies/ruby-1.9.3-p551/include/ruby-1.9.1 -I. -I/usr/local/opt/libyaml/include -I/usr/local/opt/readline/include -I/usr/local/opt/libksba/include -I/usr/local/opt/openssl/include  -O3 -ggdb -Wall -Wextra -Wno-unused-parameter -Wno-parentheses -Wno-long-long -Wno-missing-field-initializers -Wpointer-arith -Wwrite-strings -Wdeclaration-after-statement -Wimplicit-function-declaration  -fno-common -pipe    -c conftest.c"
In file included from conftest.c:4:0:
/Users/Ambermaria/.rvm/rubies/ruby-1.9.3-p551/include/ruby-1.9.1/ruby/backward/rubysig.h:14:2: warning: #warning rubysig.h is obsolete [-Wcpp]
 #warning rubysig.h is obsolete
  ^
conftest.c: In function 't':
conftest.c:7:51: error: 'rb_trap_immediate' undeclared (first use in this function)
 int t() { const volatile void *volatile p; p = &(&rb_trap_immediate)[0]; return 0; }
                                                   ^
conftest.c:7:51: note: each undeclared identifier is reported only once for each function it appears in
conftest.c:7:41: warning: variable 'p' set but not used [-Wunused-but-set-variable]
 int t() { const volatile void *volatile p; p = &(&rb_trap_immediate)[0]; return 0; }
                                         ^
checked program was:
/* begin */
 1: #include "ruby.h"
 2: 
 3: #include <ruby.h>
 4: #include <rubysig.h>
 5: 
 6: /*top*/
 7: int t() { const volatile void *volatile p; p = &(&rb_trap_immediate)[0]; return 0; }
 8: int main(int argc, char **argv)
 9: {
10:   if (argc > 1000000) {
11:     printf("%p", &t);
12:   }
13: 
14:   return 0;
15: }
/* end */

--------------------

have_func: checking for rb_thread_blocking_region()... -------------------- yes

"/usr/local/Cellar/gcc@4.9/4.9.4/bin/gcc-4.9 -o conftest -I/Users/Ambermaria/.rvm/rubies/ruby-1.9.3-p551/include/ruby-1.9.1/x86_64-darwin16.6.0 -I/Users/Ambermaria/.rvm/rubies/ruby-1.9.3-p551/include/ruby-1.9.1/ruby/backward -I/Users/Ambermaria/.rvm/rubies/ruby-1.9.3-p551/include/ruby-1.9.1 -I. -I/usr/local/opt/libyaml/include -I/usr/local/opt/readline/include -I/usr/local/opt/libksba/include -I/usr/local/opt/openssl/include  -O3 -ggdb -Wall -Wextra -Wno-unused-parameter -Wno-parentheses -Wno-long-long -Wno-missing-field-initializers -Wpointer-arith -Wwrite-strings -Wdeclaration-after-statement -Wimplicit-function-declaration  -fno-common -pipe  conftest.c  -L. -L/Users/Ambermaria/.rvm/rubies/ruby-1.9.3-p551/lib -L/usr/local/opt/libyaml/lib -L/usr/local/opt/readline/lib -L/usr/local/opt/libksba/lib -L/usr/local/opt/openssl/lib -L. -L/usr/local/lib -L/usr/local/opt/libyaml/lib -L/usr/local/opt/readline/lib -L/usr/local/opt/libksba/lib -L/usr/local/opt/openssl/lib       -lssl -lcrypto -lz -lcrypto -lssl -lruby.1.9.1  -lssl -lcrypto -lz -lcrypto -lssl -lpthread -ldl -lobjc "
conftest.c: In function 't':
conftest.c:4:28: warning: variable 'p' set but not used [-Wunused-but-set-variable]
 int t() { void ((*volatile p)()); p = (void ((*)()))rb_thread_blocking_region; return 0; }
                            ^
checked program was:
/* begin */
 1: #include "ruby.h"
 2: 
 3: /*top*/
 4: int t() { void ((*volatile p)()); p = (void ((*)()))rb_thread_blocking_region; return 0; }
 5: int main(int argc, char **argv)
 6: {
 7:   if (argc > 1000000) {
 8:     printf("%p", &t);
 9:   }
10: 
11:   return 0;
12: }
/* end */

--------------------

have_func: checking for rb_thread_call_without_gvl() in ruby/thread.h... -------------------- no

"/usr/local/Cellar/gcc@4.9/4.9.4/bin/gcc-4.9 -o conftest -I/Users/Ambermaria/.rvm/rubies/ruby-1.9.3-p551/include/ruby-1.9.1/x86_64-darwin16.6.0 -I/Users/Ambermaria/.rvm/rubies/ruby-1.9.3-p551/include/ruby-1.9.1/ruby/backward -I/Users/Ambermaria/.rvm/rubies/ruby-1.9.3-p551/include/ruby-1.9.1 -I. -I/usr/local/opt/libyaml/include -I/usr/local/opt/readline/include -I/usr/local/opt/libksba/include -I/usr/local/opt/openssl/include  -O3 -ggdb -Wall -Wextra -Wno-unused-parameter -Wno-parentheses -Wno-long-long -Wno-missing-field-initializers -Wpointer-arith -Wwrite-strings -Wdeclaration-after-statement -Wimplicit-function-declaration  -fno-common -pipe  conftest.c  -L. -L/Users/Ambermaria/.rvm/rubies/ruby-1.9.3-p551/lib -L/usr/local/opt/libyaml/lib -L/usr/local/opt/readline/lib -L/usr/local/opt/libksba/lib -L/usr/local/opt/openssl/lib -L. -L/usr/local/lib -L/usr/local/opt/libyaml/lib -L/usr/local/opt/readline/lib -L/usr/local/opt/libksba/lib -L/usr/local/opt/openssl/lib       -lssl -lcrypto -lz -lcrypto -lssl -lruby.1.9.1  -lssl -lcrypto -lz -lcrypto -lssl -lpthread -ldl -lobjc "
conftest.c:3:25: fatal error: ruby/thread.h: No such file or directory
 #include <ruby/thread.h>
                         ^
compilation terminated.
checked program was:
/* begin */
 1: #include "ruby.h"
 2: 
 3: #include <ruby/thread.h>
 4: 
 5: /*top*/
 6: int t() { void ((*volatile p)()); p = (void ((*)()))rb_thread_call_without_gvl; return 0; }
 7: int main(int argc, char **argv)
 8: {
 9:   if (argc > 1000000) {
10:     printf("%p", &t);
11:   }
12: 
13:   return 0;
14: }
/* end */

"/usr/local/Cellar/gcc@4.9/4.9.4/bin/gcc-4.9 -o conftest -I/Users/Ambermaria/.rvm/rubies/ruby-1.9.3-p551/include/ruby-1.9.1/x86_64-darwin16.6.0 -I/Users/Ambermaria/.rvm/rubies/ruby-1.9.3-p551/include/ruby-1.9.1/ruby/backward -I/Users/Ambermaria/.rvm/rubies/ruby-1.9.3-p551/include/ruby-1.9.1 -I. -I/usr/local/opt/libyaml/include -I/usr/local/opt/readline/include -I/usr/local/opt/libksba/include -I/usr/local/opt/openssl/include  -O3 -ggdb -Wall -Wextra -Wno-unused-parameter -Wno-parentheses -Wno-long-long -Wno-missing-field-initializers -Wpointer-arith -Wwrite-strings -Wdeclaration-after-statement -Wimplicit-function-declaration  -fno-common -pipe  conftest.c  -L. -L/Users/Ambermaria/.rvm/rubies/ruby-1.9.3-p551/lib -L/usr/local/opt/libyaml/lib -L/usr/local/opt/readline/lib -L/usr/local/opt/libksba/lib -L/usr/local/opt/openssl/lib -L. -L/usr/local/lib -L/usr/local/opt/libyaml/lib -L/usr/local/opt/readline/lib -L/usr/local/opt/libksba/lib -L/usr/local/opt/openssl/lib       -lssl -lcrypto -lz -lcrypto -lssl -lruby.1.9.1  -lssl -lcrypto -lz -lcrypto -lssl -lpthread -ldl -lobjc "
conftest.c:3:25: fatal error: ruby/thread.h: No such file or directory
 #include <ruby/thread.h>
                         ^
compilation terminated.
checked program was:
/* begin */
 1: #include "ruby.h"
 2: 
 3: #include <ruby/thread.h>
 4: 
 5: /*top*/
 6: int t() { rb_thread_call_without_gvl(); return 0; }
 7: int main(int argc, char **argv)
 8: {
 9:   if (argc > 1000000) {
10:     printf("%p", &t);
11:   }
12: 
13:   return 0;
14: }
/* end */

--------------------

have_func: checking for rb_thread_fd_select()... -------------------- yes

"/usr/local/Cellar/gcc@4.9/4.9.4/bin/gcc-4.9 -o conftest -I/Users/Ambermaria/.rvm/rubies/ruby-1.9.3-p551/include/ruby-1.9.1/x86_64-darwin16.6.0 -I/Users/Ambermaria/.rvm/rubies/ruby-1.9.3-p551/include/ruby-1.9.1/ruby/backward -I/Users/Ambermaria/.rvm/rubies/ruby-1.9.3-p551/include/ruby-1.9.1 -I. -I/usr/local/opt/libyaml/include -I/usr/local/opt/readline/include -I/usr/local/opt/libksba/include -I/usr/local/opt/openssl/include  -O3 -ggdb -Wall -Wextra -Wno-unused-parameter -Wno-parentheses -Wno-long-long -Wno-missing-field-initializers -Wpointer-arith -Wwrite-strings -Wdeclaration-after-statement -Wimplicit-function-declaration  -fno-common -pipe  conftest.c  -L. -L/Users/Ambermaria/.rvm/rubies/ruby-1.9.3-p551/lib -L/usr/local/opt/libyaml/lib -L/usr/local/opt/readline/lib -L/usr/local/opt/libksba/lib -L/usr/local/opt/openssl/lib -L. -L/usr/local/lib -L/usr/local/opt/libyaml/lib -L/usr/local/opt/readline/lib -L/usr/local/opt/libksba/lib -L/usr/local/opt/openssl/lib       -lssl -lcrypto -lz -lcrypto -lssl -lruby.1.9.1  -lssl -lcrypto -lz -lcrypto -lssl -lpthread -ldl -lobjc "
conftest.c: In function 't':
conftest.c:4:28: warning: variable 'p' set but not used [-Wunused-but-set-variable]
 int t() { void ((*volatile p)()); p = (void ((*)()))rb_thread_fd_select; return 0; }
                            ^
checked program was:
/* begin */
 1: #include "ruby.h"
 2: 
 3: /*top*/
 4: int t() { void ((*volatile p)()); p = (void ((*)()))rb_thread_fd_select; return 0; }
 5: int main(int argc, char **argv)
 6: {
 7:   if (argc > 1000000) {
 8:     printf("%p", &t);
 9:   }
10: 
11:   return 0;
12: }
/* end */

--------------------

have_type: checking for rb_fdset_t in ruby/intern.h... -------------------- yes

"/usr/local/Cellar/gcc@4.9/4.9.4/bin/gcc-4.9 -I/Users/Ambermaria/.rvm/rubies/ruby-1.9.3-p551/include/ruby-1.9.1/x86_64-darwin16.6.0 -I/Users/Ambermaria/.rvm/rubies/ruby-1.9.3-p551/include/ruby-1.9.1/ruby/backward -I/Users/Ambermaria/.rvm/rubies/ruby-1.9.3-p551/include/ruby-1.9.1 -I. -I/usr/local/opt/libyaml/include -I/usr/local/opt/readline/include -I/usr/local/opt/libksba/include -I/usr/local/opt/openssl/include  -O3 -ggdb -Wall -Wextra -Wno-unused-parameter -Wno-parentheses -Wno-long-long -Wno-missing-field-initializers -Wpointer-arith -Wwrite-strings -Wdeclaration-after-statement -Wimplicit-function-declaration  -fno-common -pipe    -c conftest.c"
checked program was:
/* begin */
1: #include "ruby.h"
2: 
3: #include <ruby/intern.h>
4: 
5: /*top*/
6: typedef rb_fdset_t conftest_type;
7: int conftestval[sizeof(conftest_type)?1:-1];
/* end */

--------------------

have_func: checking for rb_wait_for_single_fd()... -------------------- yes

"/usr/local/Cellar/gcc@4.9/4.9.4/bin/gcc-4.9 -o conftest -I/Users/Ambermaria/.rvm/rubies/ruby-1.9.3-p551/include/ruby-1.9.1/x86_64-darwin16.6.0 -I/Users/Ambermaria/.rvm/rubies/ruby-1.9.3-p551/include/ruby-1.9.1/ruby/backward -I/Users/Ambermaria/.rvm/rubies/ruby-1.9.3-p551/include/ruby-1.9.1 -I. -I/usr/local/opt/libyaml/include -I/usr/local/opt/readline/include -I/usr/local/opt/libksba/include -I/usr/local/opt/openssl/include  -O3 -ggdb -Wall -Wextra -Wno-unused-parameter -Wno-parentheses -Wno-long-long -Wno-missing-field-initializers -Wpointer-arith -Wwrite-strings -Wdeclaration-after-statement -Wimplicit-function-declaration  -fno-common -pipe  conftest.c  -L. -L/Users/Ambermaria/.rvm/rubies/ruby-1.9.3-p551/lib -L/usr/local/opt/libyaml/lib -L/usr/local/opt/readline/lib -L/usr/local/opt/libksba/lib -L/usr/local/opt/openssl/lib -L. -L/usr/local/lib -L/usr/local/opt/libyaml/lib -L/usr/local/opt/readline/lib -L/usr/local/opt/libksba/lib -L/usr/local/opt/openssl/lib       -lssl -lcrypto -lz -lcrypto -lssl -lruby.1.9.1  -lssl -lcrypto -lz -lcrypto -lssl -lpthread -ldl -lobjc "
conftest.c: In function 't':
conftest.c:4:53: error: 'rb_wait_for_single_fd' undeclared (first use in this function)
 int t() { void ((*volatile p)()); p = (void ((*)()))rb_wait_for_single_fd; return 0; }
                                                     ^
conftest.c:4:53: note: each undeclared identifier is reported only once for each function it appears in
conftest.c:4:28: warning: variable 'p' set but not used [-Wunused-but-set-variable]
 int t() { void ((*volatile p)()); p = (void ((*)()))rb_wait_for_single_fd; return 0; }
                            ^
checked program was:
/* begin */
 1: #include "ruby.h"
 2: 
 3: /*top*/
 4: int t() { void ((*volatile p)()); p = (void ((*)()))rb_wait_for_single_fd; return 0; }
 5: int main(int argc, char **argv)
 6: {
 7:   if (argc > 1000000) {
 8:     printf("%p", &t);
 9:   }
10: 
11:   return 0;
12: }
/* end */

"/usr/local/Cellar/gcc@4.9/4.9.4/bin/gcc-4.9 -o conftest -I/Users/Ambermaria/.rvm/rubies/ruby-1.9.3-p551/include/ruby-1.9.1/x86_64-darwin16.6.0 -I/Users/Ambermaria/.rvm/rubies/ruby-1.9.3-p551/include/ruby-1.9.1/ruby/backward -I/Users/Ambermaria/.rvm/rubies/ruby-1.9.3-p551/include/ruby-1.9.1 -I. -I/usr/local/opt/libyaml/include -I/usr/local/opt/readline/include -I/usr/local/opt/libksba/include -I/usr/local/opt/openssl/include  -O3 -ggdb -Wall -Wextra -Wno-unused-parameter -Wno-parentheses -Wno-long-long -Wno-missing-field-initializers -Wpointer-arith -Wwrite-strings -Wdeclaration-after-statement -Wimplicit-function-declaration  -fno-common -pipe  conftest.c  -L. -L/Users/Ambermaria/.rvm/rubies/ruby-1.9.3-p551/lib -L/usr/local/opt/libyaml/lib -L/usr/local/opt/readline/lib -L/usr/local/opt/libksba/lib -L/usr/local/opt/openssl/lib -L. -L/usr/local/lib -L/usr/local/opt/libyaml/lib -L/usr/local/opt/readline/lib -L/usr/local/opt/libksba/lib -L/usr/local/opt/openssl/lib       -lssl -lcrypto -lz -lcrypto -lssl -lruby.1.9.1  -lssl -lcrypto -lz -lcrypto -lssl -lpthread -ldl -lobjc "
conftest.c: In function 't':
conftest.c:4:1: warning: implicit declaration of function 'rb_wait_for_single_fd' [-Wimplicit-function-declaration]
 int t() { rb_wait_for_single_fd(); return 0; }
 ^
checked program was:
/* begin */
 1: #include "ruby.h"
 2: 
 3: /*top*/
 4: int t() { rb_wait_for_single_fd(); return 0; }
 5: int main(int argc, char **argv)
 6: {
 7:   if (argc > 1000000) {
 8:     printf("%p", &t);
 9:   }
10: 
11:   return 0;
12: }
/* end */

--------------------

have_func: checking for rb_enable_interrupt()... -------------------- yes

"/usr/local/Cellar/gcc@4.9/4.9.4/bin/gcc-4.9 -o conftest -I/Users/Ambermaria/.rvm/rubies/ruby-1.9.3-p551/include/ruby-1.9.1/x86_64-darwin16.6.0 -I/Users/Ambermaria/.rvm/rubies/ruby-1.9.3-p551/include/ruby-1.9.1/ruby/backward -I/Users/Ambermaria/.rvm/rubies/ruby-1.9.3-p551/include/ruby-1.9.1 -I. -I/usr/local/opt/libyaml/include -I/usr/local/opt/readline/include -I/usr/local/opt/libksba/include -I/usr/local/opt/openssl/include  -O3 -ggdb -Wall -Wextra -Wno-unused-parameter -Wno-parentheses -Wno-long-long -Wno-missing-field-initializers -Wpointer-arith -Wwrite-strings -Wdeclaration-after-statement -Wimplicit-function-declaration  -fno-common -pipe  conftest.c  -L. -L/Users/Ambermaria/.rvm/rubies/ruby-1.9.3-p551/lib -L/usr/local/opt/libyaml/lib -L/usr/local/opt/readline/lib -L/usr/local/opt/libksba/lib -L/usr/local/opt/openssl/lib -L. -L/usr/local/lib -L/usr/local/opt/libyaml/lib -L/usr/local/opt/readline/lib -L/usr/local/opt/libksba/lib -L/usr/local/opt/openssl/lib       -lssl -lcrypto -lz -lcrypto -lssl -lruby.1.9.1  -lssl -lcrypto -lz -lcrypto -lssl -lpthread -ldl -lobjc "
conftest.c: In function 't':
conftest.c:4:53: error: 'rb_enable_interrupt' undeclared (first use in this function)
 int t() { void ((*volatile p)()); p = (void ((*)()))rb_enable_interrupt; return 0; }
                                                     ^
conftest.c:4:53: note: each undeclared identifier is reported only once for each function it appears in
conftest.c:4:28: warning: variable 'p' set but not used [-Wunused-but-set-variable]
 int t() { void ((*volatile p)()); p = (void ((*)()))rb_enable_interrupt; return 0; }
                            ^
checked program was:
/* begin */
 1: #include "ruby.h"
 2: 
 3: /*top*/
 4: int t() { void ((*volatile p)()); p = (void ((*)()))rb_enable_interrupt; return 0; }
 5: int main(int argc, char **argv)
 6: {
 7:   if (argc > 1000000) {
 8:     printf("%p", &t);
 9:   }
10: 
11:   return 0;
12: }
/* end */

"/usr/local/Cellar/gcc@4.9/4.9.4/bin/gcc-4.9 -o conftest -I/Users/Ambermaria/.rvm/rubies/ruby-1.9.3-p551/include/ruby-1.9.1/x86_64-darwin16.6.0 -I/Users/Ambermaria/.rvm/rubies/ruby-1.9.3-p551/include/ruby-1.9.1/ruby/backward -I/Users/Ambermaria/.rvm/rubies/ruby-1.9.3-p551/include/ruby-1.9.1 -I. -I/usr/local/opt/libyaml/include -I/usr/local/opt/readline/include -I/usr/local/opt/libksba/include -I/usr/local/opt/openssl/include  -O3 -ggdb -Wall -Wextra -Wno-unused-parameter -Wno-parentheses -Wno-long-long -Wno-missing-field-initializers -Wpointer-arith -Wwrite-strings -Wdeclaration-after-statement -Wimplicit-function-declaration  -fno-common -pipe  conftest.c  -L. -L/Users/Ambermaria/.rvm/rubies/ruby-1.9.3-p551/lib -L/usr/local/opt/libyaml/lib -L/usr/local/opt/readline/lib -L/usr/local/opt/libksba/lib -L/usr/local/opt/openssl/lib -L. -L/usr/local/lib -L/usr/local/opt/libyaml/lib -L/usr/local/opt/readline/lib -L/usr/local/opt/libksba/lib -L/usr/local/opt/openssl/lib       -lssl -lcrypto -lz -lcrypto -lssl -lruby.1.9.1  -lssl -lcrypto -lz -lcrypto -lssl -lpthread -ldl -lobjc "
conftest.c: In function 't':
conftest.c:4:1: warning: implicit declaration of function 'rb_enable_interrupt' [-Wimplicit-function-declaration]
 int t() { rb_enable_interrupt(); return 0; }
 ^
checked program was:
/* begin */
 1: #include "ruby.h"
 2: 
 3: /*top*/
 4: int t() { rb_enable_interrupt(); return 0; }
 5: int main(int argc, char **argv)
 6: {
 7:   if (argc > 1000000) {
 8:     printf("%p", &t);
 9:   }
10: 
11:   return 0;
12: }
/* end */

--------------------

have_func: checking for rb_time_new()... -------------------- yes

"/usr/local/Cellar/gcc@4.9/4.9.4/bin/gcc-4.9 -o conftest -I/Users/Ambermaria/.rvm/rubies/ruby-1.9.3-p551/include/ruby-1.9.1/x86_64-darwin16.6.0 -I/Users/Ambermaria/.rvm/rubies/ruby-1.9.3-p551/include/ruby-1.9.1/ruby/backward -I/Users/Ambermaria/.rvm/rubies/ruby-1.9.3-p551/include/ruby-1.9.1 -I. -I/usr/local/opt/libyaml/include -I/usr/local/opt/readline/include -I/usr/local/opt/libksba/include -I/usr/local/opt/openssl/include  -O3 -ggdb -Wall -Wextra -Wno-unused-parameter -Wno-parentheses -Wno-long-long -Wno-missing-field-initializers -Wpointer-arith -Wwrite-strings -Wdeclaration-after-statement -Wimplicit-function-declaration  -fno-common -pipe  conftest.c  -L. -L/Users/Ambermaria/.rvm/rubies/ruby-1.9.3-p551/lib -L/usr/local/opt/libyaml/lib -L/usr/local/opt/readline/lib -L/usr/local/opt/libksba/lib -L/usr/local/opt/openssl/lib -L. -L/usr/local/lib -L/usr/local/opt/libyaml/lib -L/usr/local/opt/readline/lib -L/usr/local/opt/libksba/lib -L/usr/local/opt/openssl/lib       -lssl -lcrypto -lz -lcrypto -lssl -lruby.1.9.1  -lssl -lcrypto -lz -lcrypto -lssl -lpthread -ldl -lobjc "
conftest.c: In function 't':
conftest.c:4:28: warning: variable 'p' set but not used [-Wunused-but-set-variable]
 int t() { void ((*volatile p)()); p = (void ((*)()))rb_time_new; return 0; }
                            ^
checked program was:
/* begin */
 1: #include "ruby.h"
 2: 
 3: /*top*/
 4: int t() { void ((*volatile p)()); p = (void ((*)()))rb_time_new; return 0; }
 5: int main(int argc, char **argv)
 6: {
 7:   if (argc > 1000000) {
 8:     printf("%p", &t);
 9:   }
10: 
11:   return 0;
12: }
/* end */

--------------------

have_func: checking for inotify_init() in sys/inotify.h... -------------------- no

"/usr/local/Cellar/gcc@4.9/4.9.4/bin/gcc-4.9 -o conftest -I/Users/Ambermaria/.rvm/rubies/ruby-1.9.3-p551/include/ruby-1.9.1/x86_64-darwin16.6.0 -I/Users/Ambermaria/.rvm/rubies/ruby-1.9.3-p551/include/ruby-1.9.1/ruby/backward -I/Users/Ambermaria/.rvm/rubies/ruby-1.9.3-p551/include/ruby-1.9.1 -I. -I/usr/local/opt/libyaml/include -I/usr/local/opt/readline/include -I/usr/local/opt/libksba/include -I/usr/local/opt/openssl/include  -O3 -ggdb -Wall -Wextra -Wno-unused-parameter -Wno-parentheses -Wno-long-long -Wno-missing-field-initializers -Wpointer-arith -Wwrite-strings -Wdeclaration-after-statement -Wimplicit-function-declaration  -fno-common -pipe  conftest.c  -L. -L/Users/Ambermaria/.rvm/rubies/ruby-1.9.3-p551/lib -L/usr/local/opt/libyaml/lib -L/usr/local/opt/readline/lib -L/usr/local/opt/libksba/lib -L/usr/local/opt/openssl/lib -L. -L/usr/local/lib -L/usr/local/opt/libyaml/lib -L/usr/local/opt/readline/lib -L/usr/local/opt/libksba/lib -L/usr/local/opt/openssl/lib       -lssl -lcrypto -lz -lcrypto -lssl -lruby.1.9.1  -lssl -lcrypto -lz -lcrypto -lssl -lpthread -ldl -lobjc "
conftest.c:3:25: fatal error: sys/inotify.h: No such file or directory
 #include <sys/inotify.h>
                         ^
compilation terminated.
checked program was:
/* begin */
 1: #include "ruby.h"
 2: 
 3: #include <sys/inotify.h>
 4: 
 5: /*top*/
 6: int t() { void ((*volatile p)()); p = (void ((*)()))inotify_init; return 0; }
 7: int main(int argc, char **argv)
 8: {
 9:   if (argc > 1000000) {
10:     printf("%p", &t);
11:   }
12: 
13:   return 0;
14: }
/* end */

"/usr/local/Cellar/gcc@4.9/4.9.4/bin/gcc-4.9 -o conftest -I/Users/Ambermaria/.rvm/rubies/ruby-1.9.3-p551/include/ruby-1.9.1/x86_64-darwin16.6.0 -I/Users/Ambermaria/.rvm/rubies/ruby-1.9.3-p551/include/ruby-1.9.1/ruby/backward -I/Users/Ambermaria/.rvm/rubies/ruby-1.9.3-p551/include/ruby-1.9.1 -I. -I/usr/local/opt/libyaml/include -I/usr/local/opt/readline/include -I/usr/local/opt/libksba/include -I/usr/local/opt/openssl/include  -O3 -ggdb -Wall -Wextra -Wno-unused-parameter -Wno-parentheses -Wno-long-long -Wno-missing-field-initializers -Wpointer-arith -Wwrite-strings -Wdeclaration-after-statement -Wimplicit-function-declaration  -fno-common -pipe  conftest.c  -L. -L/Users/Ambermaria/.rvm/rubies/ruby-1.9.3-p551/lib -L/usr/local/opt/libyaml/lib -L/usr/local/opt/readline/lib -L/usr/local/opt/libksba/lib -L/usr/local/opt/openssl/lib -L. -L/usr/local/lib -L/usr/local/opt/libyaml/lib -L/usr/local/opt/readline/lib -L/usr/local/opt/libksba/lib -L/usr/local/opt/openssl/lib       -lssl -lcrypto -lz -lcrypto -lssl -lruby.1.9.1  -lssl -lcrypto -lz -lcrypto -lssl -lpthread -ldl -lobjc "
conftest.c:3:25: fatal error: sys/inotify.h: No such file or directory
 #include <sys/inotify.h>
                         ^
compilation terminated.
checked program was:
/* begin */
 1: #include "ruby.h"
 2: 
 3: #include <sys/inotify.h>
 4: 
 5: /*top*/
 6: int t() { inotify_init(); return 0; }
 7: int main(int argc, char **argv)
 8: {
 9:   if (argc > 1000000) {
10:     printf("%p", &t);
11:   }
12: 
13:   return 0;
14: }
/* end */

--------------------

have_macro: checking for __NR_inotify_init in sys/syscall.h... -------------------- no

"/usr/local/Cellar/gcc@4.9/4.9.4/bin/gcc-4.9 -I/Users/Ambermaria/.rvm/rubies/ruby-1.9.3-p551/include/ruby-1.9.1/x86_64-darwin16.6.0 -I/Users/Ambermaria/.rvm/rubies/ruby-1.9.3-p551/include/ruby-1.9.1/ruby/backward -I/Users/Ambermaria/.rvm/rubies/ruby-1.9.3-p551/include/ruby-1.9.1 -I. -I/usr/local/opt/libyaml/include -I/usr/local/opt/readline/include -I/usr/local/opt/libksba/include -I/usr/local/opt/openssl/include  -O3 -ggdb -Wall -Wextra -Wno-unused-parameter -Wno-parentheses -Wno-long-long -Wno-missing-field-initializers -Wpointer-arith -Wwrite-strings -Wdeclaration-after-statement -Wimplicit-function-declaration  -fno-common -pipe    -c conftest.c"
conftest.c:6:3: error: #error 
 # error
   ^
conftest.c:7:1: error: expected identifier or '(' before '>>' token
 >>>>>> __NR_inotify_init undefined <<<<<<
 ^
checked program was:
/* begin */
1: #include "ruby.h"
2: 
3: #include <sys/syscall.h>
4: /*top*/
5: #ifndef __NR_inotify_init
6: # error
7: >>>>>> __NR_inotify_init undefined <<<<<<
8: #endif
/* end */

--------------------

have_func: checking for writev() in sys/uio.h... -------------------- yes

"/usr/local/Cellar/gcc@4.9/4.9.4/bin/gcc-4.9 -o conftest -I/Users/Ambermaria/.rvm/rubies/ruby-1.9.3-p551/include/ruby-1.9.1/x86_64-darwin16.6.0 -I/Users/Ambermaria/.rvm/rubies/ruby-1.9.3-p551/include/ruby-1.9.1/ruby/backward -I/Users/Ambermaria/.rvm/rubies/ruby-1.9.3-p551/include/ruby-1.9.1 -I. -I/usr/local/opt/libyaml/include -I/usr/local/opt/readline/include -I/usr/local/opt/libksba/include -I/usr/local/opt/openssl/include  -O3 -ggdb -Wall -Wextra -Wno-unused-parameter -Wno-parentheses -Wno-long-long -Wno-missing-field-initializers -Wpointer-arith -Wwrite-strings -Wdeclaration-after-statement -Wimplicit-function-declaration  -fno-common -pipe  conftest.c  -L. -L/Users/Ambermaria/.rvm/rubies/ruby-1.9.3-p551/lib -L/usr/local/opt/libyaml/lib -L/usr/local/opt/readline/lib -L/usr/local/opt/libksba/lib -L/usr/local/opt/openssl/lib -L. -L/usr/local/lib -L/usr/local/opt/libyaml/lib -L/usr/local/opt/readline/lib -L/usr/local/opt/libksba/lib -L/usr/local/opt/openssl/lib       -lssl -lcrypto -lz -lcrypto -lssl -lruby.1.9.1  -lssl -lcrypto -lz -lcrypto -lssl -lpthread -ldl -lobjc "
conftest.c: In function 't':
conftest.c:6:28: warning: variable 'p' set but not used [-Wunused-but-set-variable]
 int t() { void ((*volatile p)()); p = (void ((*)()))writev; return 0; }
                            ^
checked program was:
/* begin */
 1: #include "ruby.h"
 2: 
 3: #include <sys/uio.h>
 4: 
 5: /*top*/
 6: int t() { void ((*volatile p)()); p = (void ((*)()))writev; return 0; }
 7: int main(int argc, char **argv)
 8: {
 9:   if (argc > 1000000) {
10:     printf("%p", &t);
11:   }
12: 
13:   return 0;
14: }
/* end */

--------------------

have_func: checking for pipe2() in unistd.h... -------------------- no

"/usr/local/Cellar/gcc@4.9/4.9.4/bin/gcc-4.9 -o conftest -I/Users/Ambermaria/.rvm/rubies/ruby-1.9.3-p551/include/ruby-1.9.1/x86_64-darwin16.6.0 -I/Users/Ambermaria/.rvm/rubies/ruby-1.9.3-p551/include/ruby-1.9.1/ruby/backward -I/Users/Ambermaria/.rvm/rubies/ruby-1.9.3-p551/include/ruby-1.9.1 -I. -I/usr/local/opt/libyaml/include -I/usr/local/opt/readline/include -I/usr/local/opt/libksba/include -I/usr/local/opt/openssl/include  -O3 -ggdb -Wall -Wextra -Wno-unused-parameter -Wno-parentheses -Wno-long-long -Wno-missing-field-initializers -Wpointer-arith -Wwrite-strings -Wdeclaration-after-statement -Wimplicit-function-declaration  -fno-common -pipe  conftest.c  -L. -L/Users/Ambermaria/.rvm/rubies/ruby-1.9.3-p551/lib -L/usr/local/opt/libyaml/lib -L/usr/local/opt/readline/lib -L/usr/local/opt/libksba/lib -L/usr/local/opt/openssl/lib -L. -L/usr/local/lib -L/usr/local/opt/libyaml/lib -L/usr/local/opt/readline/lib -L/usr/local/opt/libksba/lib -L/usr/local/opt/openssl/lib       -lssl -lcrypto -lz -lcrypto -lssl -lruby.1.9.1  -lssl -lcrypto -lz -lcrypto -lssl -lpthread -ldl -lobjc "
conftest.c: In function 't':
conftest.c:6:53: error: 'pipe2' undeclared (first use in this function)
 int t() { void ((*volatile p)()); p = (void ((*)()))pipe2; return 0; }
                                                     ^
conftest.c:6:53: note: each undeclared identifier is reported only once for each function it appears in
conftest.c:6:28: warning: variable 'p' set but not used [-Wunused-but-set-variable]
 int t() { void ((*volatile p)()); p = (void ((*)()))pipe2; return 0; }
                            ^
checked program was:
/* begin */
 1: #include "ruby.h"
 2: 
 3: #include <unistd.h>
 4: 
 5: /*top*/
 6: int t() { void ((*volatile p)()); p = (void ((*)()))pipe2; return 0; }
 7: int main(int argc, char **argv)
 8: {
 9:   if (argc > 1000000) {
10:     printf("%p", &t);
11:   }
12: 
13:   return 0;
14: }
/* end */

"/usr/local/Cellar/gcc@4.9/4.9.4/bin/gcc-4.9 -o conftest -I/Users/Ambermaria/.rvm/rubies/ruby-1.9.3-p551/include/ruby-1.9.1/x86_64-darwin16.6.0 -I/Users/Ambermaria/.rvm/rubies/ruby-1.9.3-p551/include/ruby-1.9.1/ruby/backward -I/Users/Ambermaria/.rvm/rubies/ruby-1.9.3-p551/include/ruby-1.9.1 -I. -I/usr/local/opt/libyaml/include -I/usr/local/opt/readline/include -I/usr/local/opt/libksba/include -I/usr/local/opt/openssl/include  -O3 -ggdb -Wall -Wextra -Wno-unused-parameter -Wno-parentheses -Wno-long-long -Wno-missing-field-initializers -Wpointer-arith -Wwrite-strings -Wdeclaration-after-statement -Wimplicit-function-declaration  -fno-common -pipe  conftest.c  -L. -L/Users/Ambermaria/.rvm/rubies/ruby-1.9.3-p551/lib -L/usr/local/opt/libyaml/lib -L/usr/local/opt/readline/lib -L/usr/local/opt/libksba/lib -L/usr/local/opt/openssl/lib -L. -L/usr/local/lib -L/usr/local/opt/libyaml/lib -L/usr/local/opt/readline/lib -L/usr/local/opt/libksba/lib -L/usr/local/opt/openssl/lib       -lssl -lcrypto -lz -lcrypto -lssl -lruby.1.9.1  -lssl -lcrypto -lz -lcrypto -lssl -lpthread -ldl -lobjc "
conftest.c: In function 't':
conftest.c:6:1: warning: implicit declaration of function 'pipe2' [-Wimplicit-function-declaration]
 int t() { pipe2(); return 0; }
 ^
Undefined symbols for architecture x86_64:
  "_pipe2", referenced from:
      _t in ccMhoZBb.o
ld: symbol(s) not found for architecture x86_64
collect2: error: ld returned 1 exit status
checked program was:
/* begin */
 1: #include "ruby.h"
 2: 
 3: #include <unistd.h>
 4: 
 5: /*top*/
 6: int t() { pipe2(); return 0; }
 7: int main(int argc, char **argv)
 8: {
 9:   if (argc > 1000000) {
10:     printf("%p", &t);
11:   }
12: 
13:   return 0;
14: }
/* end */

--------------------

have_func: checking for accept4() in sys/socket.h... -------------------- no

"/usr/local/Cellar/gcc@4.9/4.9.4/bin/gcc-4.9 -o conftest -I/Users/Ambermaria/.rvm/rubies/ruby-1.9.3-p551/include/ruby-1.9.1/x86_64-darwin16.6.0 -I/Users/Ambermaria/.rvm/rubies/ruby-1.9.3-p551/include/ruby-1.9.1/ruby/backward -I/Users/Ambermaria/.rvm/rubies/ruby-1.9.3-p551/include/ruby-1.9.1 -I. -I/usr/local/opt/libyaml/include -I/usr/local/opt/readline/include -I/usr/local/opt/libksba/include -I/usr/local/opt/openssl/include  -O3 -ggdb -Wall -Wextra -Wno-unused-parameter -Wno-parentheses -Wno-long-long -Wno-missing-field-initializers -Wpointer-arith -Wwrite-strings -Wdeclaration-after-statement -Wimplicit-function-declaration  -fno-common -pipe  conftest.c  -L. -L/Users/Ambermaria/.rvm/rubies/ruby-1.9.3-p551/lib -L/usr/local/opt/libyaml/lib -L/usr/local/opt/readline/lib -L/usr/local/opt/libksba/lib -L/usr/local/opt/openssl/lib -L. -L/usr/local/lib -L/usr/local/opt/libyaml/lib -L/usr/local/opt/readline/lib -L/usr/local/opt/libksba/lib -L/usr/local/opt/openssl/lib       -lssl -lcrypto -lz -lcrypto -lssl -lruby.1.9.1  -lssl -lcrypto -lz -lcrypto -lssl -lpthread -ldl -lobjc "
conftest.c: In function 't':
conftest.c:6:53: error: 'accept4' undeclared (first use in this function)
 int t() { void ((*volatile p)()); p = (void ((*)()))accept4; return 0; }
                                                     ^
conftest.c:6:53: note: each undeclared identifier is reported only once for each function it appears in
conftest.c:6:28: warning: variable 'p' set but not used [-Wunused-but-set-variable]
 int t() { void ((*volatile p)()); p = (void ((*)()))accept4; return 0; }
                            ^
checked program was:
/* begin */
 1: #include "ruby.h"
 2: 
 3: #include <sys/socket.h>
 4: 
 5: /*top*/
 6: int t() { void ((*volatile p)()); p = (void ((*)()))accept4; return 0; }
 7: int main(int argc, char **argv)
 8: {
 9:   if (argc > 1000000) {
10:     printf("%p", &t);
11:   }
12: 
13:   return 0;
14: }
/* end */

"/usr/local/Cellar/gcc@4.9/4.9.4/bin/gcc-4.9 -o conftest -I/Users/Ambermaria/.rvm/rubies/ruby-1.9.3-p551/include/ruby-1.9.1/x86_64-darwin16.6.0 -I/Users/Ambermaria/.rvm/rubies/ruby-1.9.3-p551/include/ruby-1.9.1/ruby/backward -I/Users/Ambermaria/.rvm/rubies/ruby-1.9.3-p551/include/ruby-1.9.1 -I. -I/usr/local/opt/libyaml/include -I/usr/local/opt/readline/include -I/usr/local/opt/libksba/include -I/usr/local/opt/openssl/include  -O3 -ggdb -Wall -Wextra -Wno-unused-parameter -Wno-parentheses -Wno-long-long -Wno-missing-field-initializers -Wpointer-arith -Wwrite-strings -Wdeclaration-after-statement -Wimplicit-function-declaration  -fno-common -pipe  conftest.c  -L. -L/Users/Ambermaria/.rvm/rubies/ruby-1.9.3-p551/lib -L/usr/local/opt/libyaml/lib -L/usr/local/opt/readline/lib -L/usr/local/opt/libksba/lib -L/usr/local/opt/openssl/lib -L. -L/usr/local/lib -L/usr/local/opt/libyaml/lib -L/usr/local/opt/readline/lib -L/usr/local/opt/libksba/lib -L/usr/local/opt/openssl/lib       -lssl -lcrypto -lz -lcrypto -lssl -lruby.1.9.1  -lssl -lcrypto -lz -lcrypto -lssl -lpthread -ldl -lobjc "
conftest.c: In function 't':
conftest.c:6:1: warning: implicit declaration of function 'accept4' [-Wimplicit-function-declaration]
 int t() { accept4(); return 0; }
 ^
Undefined symbols for architecture x86_64:
  "_accept4", referenced from:
      _t in ccBhe3Hp.o
ld: symbol(s) not found for architecture x86_64
collect2: error: ld returned 1 exit status
checked program was:
/* begin */
 1: #include "ruby.h"
 2: 
 3: #include <sys/socket.h>
 4: 
 5: /*top*/
 6: int t() { accept4(); return 0; }
 7: int main(int argc, char **argv)
 8: {
 9:   if (argc > 1000000) {
10:     printf("%p", &t);
11:   }
12: 
13:   return 0;
14: }
/* end */

--------------------

have_const: checking for SOCK_CLOEXEC in sys/socket.h... -------------------- no

"/usr/local/Cellar/gcc@4.9/4.9.4/bin/gcc-4.9 -I/Users/Ambermaria/.rvm/rubies/ruby-1.9.3-p551/include/ruby-1.9.1/x86_64-darwin16.6.0 -I/Users/Ambermaria/.rvm/rubies/ruby-1.9.3-p551/include/ruby-1.9.1/ruby/backward -I/Users/Ambermaria/.rvm/rubies/ruby-1.9.3-p551/include/ruby-1.9.1 -I. -I/usr/local/opt/libyaml/include -I/usr/local/opt/readline/include -I/usr/local/opt/libksba/include -I/usr/local/opt/openssl/include  -O3 -ggdb -Wall -Wextra -Wno-unused-parameter -Wno-parentheses -Wno-long-long -Wno-missing-field-initializers -Wpointer-arith -Wwrite-strings -Wdeclaration-after-statement -Wimplicit-function-declaration  -fno-common -pipe    -c conftest.c"
conftest.c:7:34: error: 'SOCK_CLOEXEC' undeclared here (not in a function)
 conftest_type conftestval = (int)SOCK_CLOEXEC;
                                  ^
checked program was:
/* begin */
1: #include "ruby.h"
2: 
3: #include <sys/socket.h>
4: 
5: /*top*/
6: typedef int conftest_type;
7: conftest_type conftestval = (int)SOCK_CLOEXEC;
/* end */

--------------------

have_header: checking for sys/event.h... -------------------- yes

"/usr/local/Cellar/gcc@4.9/4.9.4/bin/gcc-4.9 -E -I/Users/Ambermaria/.rvm/rubies/ruby-1.9.3-p551/include/ruby-1.9.1/x86_64-darwin16.6.0 -I/Users/Ambermaria/.rvm/rubies/ruby-1.9.3-p551/include/ruby-1.9.1/ruby/backward -I/Users/Ambermaria/.rvm/rubies/ruby-1.9.3-p551/include/ruby-1.9.1 -I. -I/usr/local/opt/libyaml/include -I/usr/local/opt/readline/include -I/usr/local/opt/libksba/include -I/usr/local/opt/openssl/include  -O3 -ggdb -Wall -Wextra -Wno-unused-parameter -Wno-parentheses -Wno-long-long -Wno-missing-field-initializers -Wpointer-arith -Wwrite-strings -Wdeclaration-after-statement -Wimplicit-function-declaration  -fno-common -pipe   conftest.c -o conftest.i"
checked program was:
/* begin */
1: #include "ruby.h"
2: 
3: #include <sys/event.h>
/* end */

--------------------

have_header: checking for sys/queue.h... -------------------- yes

"/usr/local/Cellar/gcc@4.9/4.9.4/bin/gcc-4.9 -E -I/Users/Ambermaria/.rvm/rubies/ruby-1.9.3-p551/include/ruby-1.9.1/x86_64-darwin16.6.0 -I/Users/Ambermaria/.rvm/rubies/ruby-1.9.3-p551/include/ruby-1.9.1/ruby/backward -I/Users/Ambermaria/.rvm/rubies/ruby-1.9.3-p551/include/ruby-1.9.1 -I. -I/usr/local/opt/libyaml/include -I/usr/local/opt/readline/include -I/usr/local/opt/libksba/include -I/usr/local/opt/openssl/include  -O3 -ggdb -Wall -Wextra -Wno-unused-parameter -Wno-parentheses -Wno-long-long -Wno-missing-field-initializers -Wpointer-arith -Wwrite-strings -Wdeclaration-after-statement -Wimplicit-function-declaration  -fno-common -pipe   conftest.c -o conftest.i"
checked program was:
/* begin */
1: #include "ruby.h"
2: 
3: #include <sys/queue.h>
/* end */

--------------------

have_func: checking for clock_gettime()... -------------------- yes

"/usr/local/Cellar/gcc@4.9/4.9.4/bin/gcc-4.9 -o conftest -I/Users/Ambermaria/.rvm/rubies/ruby-1.9.3-p551/include/ruby-1.9.1/x86_64-darwin16.6.0 -I/Users/Ambermaria/.rvm/rubies/ruby-1.9.3-p551/include/ruby-1.9.1/ruby/backward -I/Users/Ambermaria/.rvm/rubies/ruby-1.9.3-p551/include/ruby-1.9.1 -I. -I/usr/local/opt/libyaml/include -I/usr/local/opt/readline/include -I/usr/local/opt/libksba/include -I/usr/local/opt/openssl/include  -O3 -ggdb -Wall -Wextra -Wno-unused-parameter -Wno-parentheses -Wno-long-long -Wno-missing-field-initializers -Wpointer-arith -Wwrite-strings -Wdeclaration-after-statement -Wimplicit-function-declaration  -fno-common -pipe  conftest.c  -L. -L/Users/Ambermaria/.rvm/rubies/ruby-1.9.3-p551/lib -L/usr/local/opt/libyaml/lib -L/usr/local/opt/readline/lib -L/usr/local/opt/libksba/lib -L/usr/local/opt/openssl/lib -L. -L/usr/local/lib -L/usr/local/opt/libyaml/lib -L/usr/local/opt/readline/lib -L/usr/local/opt/libksba/lib -L/usr/local/opt/openssl/lib       -lssl -lcrypto -lz -lcrypto -lssl -lruby.1.9.1  -lssl -lcrypto -lz -lcrypto -lssl -lpthread -ldl -lobjc "
conftest.c: In function 't':
conftest.c:4:28: warning: variable 'p' set but not used [-Wunused-but-set-variable]
 int t() { void ((*volatile p)()); p = (void ((*)()))clock_gettime; return 0; }
                            ^
checked program was:
/* begin */
 1: #include "ruby.h"
 2: 
 3: /*top*/
 4: int t() { void ((*volatile p)()); p = (void ((*)()))clock_gettime; return 0; }
 5: int main(int argc, char **argv)
 6: {
 7:   if (argc > 1000000) {
 8:     printf("%p", &t);
 9:   }
10: 
11:   return 0;
12: }
/* end */

--------------------

have_const: checking for CLOCK_MONOTONIC_RAW in time.h... -------------------- yes

"/usr/local/Cellar/gcc@4.9/4.9.4/bin/gcc-4.9 -I/Users/Ambermaria/.rvm/rubies/ruby-1.9.3-p551/include/ruby-1.9.1/x86_64-darwin16.6.0 -I/Users/Ambermaria/.rvm/rubies/ruby-1.9.3-p551/include/ruby-1.9.1/ruby/backward -I/Users/Ambermaria/.rvm/rubies/ruby-1.9.3-p551/include/ruby-1.9.1 -I. -I/usr/local/opt/libyaml/include -I/usr/local/opt/readline/include -I/usr/local/opt/libksba/include -I/usr/local/opt/openssl/include  -O3 -ggdb -Wall -Wextra -Wno-unused-parameter -Wno-parentheses -Wno-long-long -Wno-missing-field-initializers -Wpointer-arith -Wwrite-strings -Wdeclaration-after-statement -Wimplicit-function-declaration  -fno-common -pipe    -c conftest.c"
checked program was:
/* begin */
1: #include "ruby.h"
2: 
3: #include <time.h>
4: 
5: /*top*/
6: typedef int conftest_type;
7: conftest_type conftestval = (int)CLOCK_MONOTONIC_RAW;
/* end */

--------------------

have_const: checking for CLOCK_MONOTONIC in time.h... -------------------- yes

"/usr/local/Cellar/gcc@4.9/4.9.4/bin/gcc-4.9 -I/Users/Ambermaria/.rvm/rubies/ruby-1.9.3-p551/include/ruby-1.9.1/x86_64-darwin16.6.0 -I/Users/Ambermaria/.rvm/rubies/ruby-1.9.3-p551/include/ruby-1.9.1/ruby/backward -I/Users/Ambermaria/.rvm/rubies/ruby-1.9.3-p551/include/ruby-1.9.1 -I. -I/usr/local/opt/libyaml/include -I/usr/local/opt/readline/include -I/usr/local/opt/libksba/include -I/usr/local/opt/openssl/include  -O3 -ggdb -Wall -Wextra -Wno-unused-parameter -Wno-parentheses -Wno-long-long -Wno-missing-field-initializers -Wpointer-arith -Wwrite-strings -Wdeclaration-after-statement -Wimplicit-function-declaration  -fno-common -pipe    -c conftest.c"
checked program was:
/* begin */
1: #include "ruby.h"
2: 
3: #include <time.h>
4: 
5: /*top*/
6: typedef int conftest_type;
7: conftest_type conftestval = (int)CLOCK_MONOTONIC;
/* end */

--------------------

"g++ -o conftest -I/Users/Ambermaria/.rvm/rubies/ruby-1.9.3-p551/include/ruby-1.9.1/x86_64-darwin16.6.0 -I/Users/Ambermaria/.rvm/rubies/ruby-1.9.3-p551/include/ruby-1.9.1/ruby/backward -I/Users/Ambermaria/.rvm/rubies/ruby-1.9.3-p551/include/ruby-1.9.1 -I. -I/usr/local/opt/libyaml/include -I/usr/local/opt/readline/include -I/usr/local/opt/libksba/include -I/usr/local/opt/openssl/include  -O3 -ggdb -Wall -Wextra -Wno-unused-parameter -Wno-parentheses -Wno-long-long -Wno-missing-field-initializers -Wpointer-arith -Wwrite-strings -Wdeclaration-after-statement -Wimplicit-function-declaration  -fno-common -pipe  conftest.c  -L. -L/Users/Ambermaria/.rvm/rubies/ruby-1.9.3-p551/lib -L/usr/local/opt/libyaml/lib -L/usr/local/opt/readline/lib -L/usr/local/opt/libksba/lib -L/usr/local/opt/openssl/lib -L. -L/usr/local/lib -L/usr/local/opt/libyaml/lib -L/usr/local/opt/readline/lib -L/usr/local/opt/libksba/lib -L/usr/local/opt/openssl/lib       -lssl -lcrypto -lz -lcrypto -lssl -lruby.1.9.1 -Wall -lpthread -ldl -lobjc "
clang: warning: treating 'c' input as 'c++' when in C++ mode, this behavior is deprecated
checked program was:
/* begin */
1: #include "ruby.h"
2: 
3: int main() {return 0;}
/* end */

"g++ -o conftest -I/Users/Ambermaria/.rvm/rubies/ruby-1.9.3-p551/include/ruby-1.9.1/x86_64-darwin16.6.0 -I/Users/Ambermaria/.rvm/rubies/ruby-1.9.3-p551/include/ruby-1.9.1/ruby/backward -I/Users/Ambermaria/.rvm/rubies/ruby-1.9.3-p551/include/ruby-1.9.1 -I. -I/usr/local/opt/libyaml/include -I/usr/local/opt/readline/include -I/usr/local/opt/libksba/include -I/usr/local/opt/openssl/include  -O3 -ggdb -Wall -Wextra -Wno-unused-parameter -Wno-parentheses -Wno-long-long -Wno-missing-field-initializers -Wpointer-arith -Wwrite-strings -Wdeclaration-after-statement -Wimplicit-function-declaration  -fno-common -pipe  conftest.c  -L. -L/Users/Ambermaria/.rvm/rubies/ruby-1.9.3-p551/lib -L/usr/local/opt/libyaml/lib -L/usr/local/opt/readline/lib -L/usr/local/opt/libksba/lib -L/usr/local/opt/openssl/lib -L. -L/usr/local/lib -L/usr/local/opt/libyaml/lib -L/usr/local/opt/readline/lib -L/usr/local/opt/libksba/lib -L/usr/local/opt/openssl/lib       -lssl -lcrypto -lz -lcrypto -lssl -lruby.1.9.1 -Wextra -lpthread -ldl -lobjc "
clang: warning: treating 'c' input as 'c++' when in C++ mode, this behavior is deprecated
checked program was:
/* begin */
1: #include "ruby.h"
2: 
3: int main() {return 0;}
/* end */

"g++ -o conftest -I/Users/Ambermaria/.rvm/rubies/ruby-1.9.3-p551/include/ruby-1.9.1/x86_64-darwin16.6.0 -I/Users/Ambermaria/.rvm/rubies/ruby-1.9.3-p551/include/ruby-1.9.1/ruby/backward -I/Users/Ambermaria/.rvm/rubies/ruby-1.9.3-p551/include/ruby-1.9.1 -I. -I/usr/local/opt/libyaml/include -I/usr/local/opt/readline/include -I/usr/local/opt/libksba/include -I/usr/local/opt/openssl/include  -O3 -ggdb -Wall -Wextra -Wno-unused-parameter -Wno-parentheses -Wno-long-long -Wno-missing-field-initializers -Wpointer-arith -Wwrite-strings -Wdeclaration-after-statement -Wimplicit-function-declaration  -fno-common -pipe  conftest.c  -L. -L/Users/Ambermaria/.rvm/rubies/ruby-1.9.3-p551/lib -L/usr/local/opt/libyaml/lib -L/usr/local/opt/readline/lib -L/usr/local/opt/libksba/lib -L/usr/local/opt/openssl/lib -L. -L/usr/local/lib -L/usr/local/opt/libyaml/lib -L/usr/local/opt/readline/lib -L/usr/local/opt/libksba/lib -L/usr/local/opt/openssl/lib       -lssl -lcrypto -lz -lcrypto -lssl -lruby.1.9.1 -Wno-deprecated-declarations -lpthread -ldl -lobjc "
clang: warning: treating 'c' input as 'c++' when in C++ mode, this behavior is deprecated
checked program was:
/* begin */
1: #include "ruby.h"
2: 
3: int main() {return 0;}
/* end */

"g++ -o conftest -I/Users/Ambermaria/.rvm/rubies/ruby-1.9.3-p551/include/ruby-1.9.1/x86_64-darwin16.6.0 -I/Users/Ambermaria/.rvm/rubies/ruby-1.9.3-p551/include/ruby-1.9.1/ruby/backward -I/Users/Ambermaria/.rvm/rubies/ruby-1.9.3-p551/include/ruby-1.9.1 -I. -I/usr/local/opt/libyaml/include -I/usr/local/opt/readline/include -I/usr/local/opt/libksba/include -I/usr/local/opt/openssl/include  -O3 -ggdb -Wall -Wextra -Wno-unused-parameter -Wno-parentheses -Wno-long-long -Wno-missing-field-initializers -Wpointer-arith -Wwrite-strings -Wdeclaration-after-statement -Wimplicit-function-declaration  -fno-common -pipe  conftest.c  -L. -L/Users/Ambermaria/.rvm/rubies/ruby-1.9.3-p551/lib -L/usr/local/opt/libyaml/lib -L/usr/local/opt/readline/lib -L/usr/local/opt/libksba/lib -L/usr/local/opt/openssl/lib -L. -L/usr/local/lib -L/usr/local/opt/libyaml/lib -L/usr/local/opt/readline/lib -L/usr/local/opt/libksba/lib -L/usr/local/opt/openssl/lib       -lssl -lcrypto -lz -lcrypto -lssl -lruby.1.9.1 -Wno-ignored-qualifiers -lpthread -ldl -lobjc "
clang: warning: treating 'c' input as 'c++' when in C++ mode, this behavior is deprecated
checked program was:
/* begin */
1: #include "ruby.h"
2: 
3: int main() {return 0;}
/* end */

"g++ -o conftest -I/Users/Ambermaria/.rvm/rubies/ruby-1.9.3-p551/include/ruby-1.9.1/x86_64-darwin16.6.0 -I/Users/Ambermaria/.rvm/rubies/ruby-1.9.3-p551/include/ruby-1.9.1/ruby/backward -I/Users/Ambermaria/.rvm/rubies/ruby-1.9.3-p551/include/ruby-1.9.1 -I. -I/usr/local/opt/libyaml/include -I/usr/local/opt/readline/include -I/usr/local/opt/libksba/include -I/usr/local/opt/openssl/include  -O3 -ggdb -Wall -Wextra -Wno-unused-parameter -Wno-parentheses -Wno-long-long -Wno-missing-field-initializers -Wpointer-arith -Wwrite-strings -Wdeclaration-after-statement -Wimplicit-function-declaration  -fno-common -pipe  conftest.c  -L. -L/Users/Ambermaria/.rvm/rubies/ruby-1.9.3-p551/lib -L/usr/local/opt/libyaml/lib -L/usr/local/opt/readline/lib -L/usr/local/opt/libksba/lib -L/usr/local/opt/openssl/lib -L. -L/usr/local/lib -L/usr/local/opt/libyaml/lib -L/usr/local/opt/readline/lib -L/usr/local/opt/libksba/lib -L/usr/local/opt/openssl/lib       -lssl -lcrypto -lz -lcrypto -lssl -lruby.1.9.1 -Wno-unused-result -lpthread -ldl -lobjc "
clang: warning: treating 'c' input as 'c++' when in C++ mode, this behavior is deprecated
checked program was:
/* begin */
1: #include "ruby.h"
2: 
3: int main() {return 0;}
/* end */

"g++ -o conftest -I/Users/Ambermaria/.rvm/rubies/ruby-1.9.3-p551/include/ruby-1.9.1/x86_64-darwin16.6.0 -I/Users/Ambermaria/.rvm/rubies/ruby-1.9.3-p551/include/ruby-1.9.1/ruby/backward -I/Users/Ambermaria/.rvm/rubies/ruby-1.9.3-p551/include/ruby-1.9.1 -I. -I/usr/local/opt/libyaml/include -I/usr/local/opt/readline/include -I/usr/local/opt/libksba/include -I/usr/local/opt/openssl/include  -O3 -ggdb -Wall -Wextra -Wno-unused-parameter -Wno-parentheses -Wno-long-long -Wno-missing-field-initializers -Wpointer-arith -Wwrite-strings -Wdeclaration-after-statement -Wimplicit-function-declaration  -fno-common -pipe  conftest.c  -L. -L/Users/Ambermaria/.rvm/rubies/ruby-1.9.3-p551/lib -L/usr/local/opt/libyaml/lib -L/usr/local/opt/readline/lib -L/usr/local/opt/libksba/lib -L/usr/local/opt/openssl/lib -L. -L/usr/local/lib -L/usr/local/opt/libyaml/lib -L/usr/local/opt/readline/lib -L/usr/local/opt/libksba/lib -L/usr/local/opt/openssl/lib       -lssl -lcrypto -lz -lcrypto -lssl -lruby.1.9.1 -Wno-address -lpthread -ldl -lobjc "
clang: warning: treating 'c' input as 'c++' when in C++ mode, this behavior is deprecated
checked program was:
/* begin */
1: #include "ruby.h"
2: 
3: int main() {return 0;}
/* end */

"g++ -o conftest -I/Users/Ambermaria/.rvm/rubies/ruby-1.9.3-p551/include/ruby-1.9.1/x86_64-darwin16.6.0 -I/Users/Ambermaria/.rvm/rubies/ruby-1.9.3-p551/include/ruby-1.9.1/ruby/backward -I/Users/Ambermaria/.rvm/rubies/ruby-1.9.3-p551/include/ruby-1.9.1 -I. -I/usr/local/opt/libyaml/include -I/usr/local/opt/readline/include -I/usr/local/opt/libksba/include -I/usr/local/opt/openssl/include  -O3 -ggdb -Wall -Wextra -Wno-unused-parameter -Wno-parentheses -Wno-long-long -Wno-missing-field-initializers -Wpointer-arith -Wwrite-strings -Wdeclaration-after-statement -Wimplicit-function-declaration  -fno-common -pipe  conftest.c  -L. -L/Users/Ambermaria/.rvm/rubies/ruby-1.9.3-p551/lib -L/usr/local/opt/libyaml/lib -L/usr/local/opt/readline/lib -L/usr/local/opt/libksba/lib -L/usr/local/opt/openssl/lib -L. -L/usr/local/lib -L/usr/local/opt/libyaml/lib -L/usr/local/opt/readline/lib -L/usr/local/opt/libksba/lib -L/usr/local/opt/openssl/lib       -lssl -lcrypto -lz -lcrypto -lssl -lruby.1.9.1 -lstdc++ -lpthread -ldl -lobjc "
clang: warning: treating 'c' input as 'c++' when in C++ mode, this behavior is deprecated
conftest.c:5:35: warning: unused variable 'tuple' [-Wunused-variable]
  int main(){ pair<const int,int> tuple = make_pair(1,2); }
                                  ^
1 warning generated.
checked program was:
/* begin */
1: #include "ruby.h"
2: 
3:   #include <utility>
4:   using namespace std;
5:   int main(){ pair<const int,int> tuple = make_pair(1,2); }
/* end */

